<?xml version="1.0" encoding="UTF-8"?>
<!-- Generated by org.testng.reporters.JUnitReportReporter -->
<testsuite skipped="0" hostname="DESKTOP-0FPTQQV" name="varshitha1.Maven1" tests="1" failures="0" timestamp="06 Jun 2019 11:29:30 GMT" time="14.804" errors="0">
  <testcase name="Test" time="14.804" classname="varshitha1.Maven1"/>
</testsuite> <!-- varshitha1.Maven1 -->
